<?xml version="1.0" encoding="UTF-8"?>
<!-- Generated by org.testng.reporters.JUnitReportReporter -->
<testsuite hostname="LIN59019777" failures="0" tests="1" name="TestCases.TestNG" time="30.847" errors="0" timestamp="10 Jan 2022 07:32:27 GMT" skipped="0">
  <testcase classname="TestCases.TestNG" name="test_case" time="30.847"/>
</testsuite> <!-- TestCases.TestNG -->
