<?xml version="1.0" encoding="UTF-8"?>
<!-- Generated by org.testng.reporters.JUnitReportReporter -->
<testsuite hostname="LIN59019777" failures="0" tests="1" name="testcases.LoginTest" time="31.996" errors="0" timestamp="16 Jan 2022 17:41:57 GMT" skipped="0">
  <testcase classname="testcases.LoginTest" name="test_1" time="31.996"/>
</testsuite> <!-- testcases.LoginTest -->
